h:\c++\in628philas1\pelletchicken\pelletchicken\debug\vc120.pdb
h:\c++\in628philas1\pelletchicken\pelletchicken\debug\pelletlist.obj
h:\c++\in628philas1\pelletchicken\pelletchicken\debug\pellet.obj
h:\c++\in628philas1\pelletchicken\pelletchicken\debug\form1.obj
h:\c++\in628philas1\pelletchicken\pelletchicken\debug\.netframework,version=v4.5.assemblyattributes.obj
h:\c++\in628philas1\pelletchicken\debug\pelletchicken.exe
h:\c++\in628philas1\pelletchicken\debug\pelletchicken.pdb
h:\c++\in628philas1\pelletchicken\pelletchicken\debug\pelletchicken.form1.resources
h:\c++\in628philas1\pelletchicken\pelletchicken\debug\pelletchicken.vcxproj.generateresource.cache
h:\c++\in628philas1\pelletchicken\pelletchicken\debug\pelletchicken.vcxprojresolveassemblyreference.cache
h:\c++\in628philas1\pelletchicken\pelletchicken\debug\pelletchicken.tlog\cl.command.1.tlog
h:\c++\in628philas1\pelletchicken\pelletchicken\debug\pelletchicken.tlog\cl.read.1.tlog
h:\c++\in628philas1\pelletchicken\pelletchicken\debug\pelletchicken.tlog\cl.write.1.tlog
h:\c++\in628philas1\pelletchicken\pelletchicken\debug\pelletchicken.tlog\link.command.1.tlog
h:\c++\in628philas1\pelletchicken\pelletchicken\debug\pelletchicken.tlog\link.read.1.tlog
h:\c++\in628philas1\pelletchicken\pelletchicken\debug\pelletchicken.tlog\link.write.1.tlog
h:\c++\in628philas1\pelletchicken\pelletchicken\debug\pelletchicken.tlog\metagen.read.1.tlog
h:\c++\in628philas1\pelletchicken\pelletchicken\debug\pelletchicken.tlog\metagen.write.1.tlog
h:\c++\in628philas1\pelletchicken\pelletchicken\debug\pelletchicken.tlog\pelletchicken.write.1u.tlog
h:\c++\in628philas1\pelletchicken\pelletchicken\debug\pelletchicken.tlog\rsaenh.dll.bi
h:\c++\in628philas1\pelletchicken\pelletchicken\debug\pelletchicken.tlog\tzres.dll.bi
