c:\users\alexp\desktop\programmingassignments\exerciseone\exerciseone\debug\vc120.pdb
c:\users\alexp\desktop\programmingassignments\exerciseone\exerciseone\debug\.netframework,version=v4.5.assemblyattributes.obj
c:\users\alexp\desktop\programmingassignments\exerciseone\exerciseone\debug\form1.obj
c:\program files\programming\in628philas1\exerciseone\exerciseone\debug\vc120.pdb
c:\program files\programming\in628philas1\exerciseone\exerciseone\debug\form1.obj
c:\users\alexp\desktop\programmingassignments\exerciseone\exerciseone\debug\exerciseone.form1.resources
c:\program files\programming\in628philas1\exerciseone\exerciseone\debug\exerciseone.form1.resources
c:\users\alexp\desktop\programmingassignments\exerciseone\debug\exerciseone.exe
c:\users\alexp\desktop\programmingassignments\exerciseone\debug\exerciseone.pdb
c:\program files\programming\in628philas1\exerciseone\debug\exerciseone.exe
c:\program files\programming\in628philas1\exerciseone\debug\exerciseone.pdb
c:\program files\programming\in628philas1\exerciseone\exerciseone\debug\exerciseone.vcxproj.generateresource.cache
c:\program files\programming\in628philas1\exerciseone\exerciseone\debug\exerciseone.vcxprojresolveassemblyreference.cache
c:\program files\programming\in628philas1\exerciseone\exerciseone\debug\.netframework,version=v4.5.assemblyattributes.obj
c:\program files\programming\in628philas1\exerciseone\exerciseone\debug\exerciseone.tlog\cl.command.1.tlog
c:\program files\programming\in628philas1\exerciseone\exerciseone\debug\exerciseone.tlog\cl.read.1.tlog
c:\program files\programming\in628philas1\exerciseone\exerciseone\debug\exerciseone.tlog\cl.write.1.tlog
c:\program files\programming\in628philas1\exerciseone\exerciseone\debug\exerciseone.tlog\exerciseone.write.1u.tlog
c:\program files\programming\in628philas1\exerciseone\exerciseone\debug\exerciseone.tlog\link.command.1.tlog
c:\program files\programming\in628philas1\exerciseone\exerciseone\debug\exerciseone.tlog\link.read.1.tlog
c:\program files\programming\in628philas1\exerciseone\exerciseone\debug\exerciseone.tlog\link.write.1.tlog
c:\program files\programming\in628philas1\exerciseone\exerciseone\debug\exerciseone.tlog\metagen.read.1.tlog
c:\program files\programming\in628philas1\exerciseone\exerciseone\debug\exerciseone.tlog\metagen.write.1.tlog
c:\program files\programming\in628philas1\exerciseone\exerciseone\debug\exerciseone.tlog\tzres.dll.bi
