h:\programmingfour\in628philas1\sprite41prac\sprite41prac\debug\spritelist.obj
h:\programmingfour\in628philas1\sprite41prac\sprite41prac\debug\sprite.obj
h:\programmingfour\in628philas1\sprite41prac\sprite41prac\debug\form1.obj
h:\programmingfour\in628philas1\sprite41prac\sprite41prac\debug\vc120.pdb
h:\programmingfour\in628philas1\sprite41prac\sprite41prac\debug\.netframework,version=v4.5.assemblyattributes.obj
h:\programmingfour\in628philas1\sprite41prac\debug\sprite41prac.exe
h:\programmingfour\in628philas1\sprite41prac\debug\sprite41prac.pdb
h:\programmingfour\in628philas1\sprite41prac\sprite41prac\debug\sprite41prac.form1.resources
h:\programmingfour\in628philas1\sprite41prac\sprite41prac\debug\sprite41prac.vcxproj.generateresource.cache
h:\programmingfour\in628philas1\sprite41prac\sprite41prac\debug\sprite41prac.vcxprojresolveassemblyreference.cache
h:\programmingfour\in628philas1\sprite41prac\sprite41prac\debug\sprite41prac.tlog\cl.command.1.tlog
h:\programmingfour\in628philas1\sprite41prac\sprite41prac\debug\sprite41prac.tlog\cl.read.1.tlog
h:\programmingfour\in628philas1\sprite41prac\sprite41prac\debug\sprite41prac.tlog\cl.write.1.tlog
h:\programmingfour\in628philas1\sprite41prac\sprite41prac\debug\sprite41prac.tlog\link.command.1.tlog
h:\programmingfour\in628philas1\sprite41prac\sprite41prac\debug\sprite41prac.tlog\link.read.1.tlog
h:\programmingfour\in628philas1\sprite41prac\sprite41prac\debug\sprite41prac.tlog\link.write.1.tlog
h:\programmingfour\in628philas1\sprite41prac\sprite41prac\debug\sprite41prac.tlog\metagen.read.1.tlog
h:\programmingfour\in628philas1\sprite41prac\sprite41prac\debug\sprite41prac.tlog\metagen.write.1.tlog
h:\programmingfour\in628philas1\sprite41prac\sprite41prac\debug\sprite41prac.tlog\sprite41prac.write.1u.tlog
h:\programmingfour\in628philas1\sprite41prac\sprite41prac\debug\sprite41prac.tlog\rsaenh.dll.bi
h:\programmingfour\in628philas1\sprite41prac\sprite41prac\debug\sprite41prac.tlog\tzres.dll.bi
