h:\programmingfour\in628philas1\chickenknight\chickenknight\debug\chickenknight.form1.resources
h:\gitprogrammingfour\in628philas1\chickenknight\chickenknight\debug\chickenknight.form1.resources
h:\programmingfour\in628philas1\chickenknight\chickenknight\debug\spritelist.obj
h:\programmingfour\in628philas1\chickenknight\chickenknight\debug\sprite.obj
h:\programmingfour\in628philas1\chickenknight\chickenknight\debug\form1.obj
h:\programmingfour\in628philas1\chickenknight\chickenknight\debug\vc120.pdb
h:\gitprogrammingfour\in628philas1\chickenknight\chickenknight\debug\form1.obj
h:\gitprogrammingfour\in628philas1\chickenknight\chickenknight\debug\spritelist.obj
h:\gitprogrammingfour\in628philas1\chickenknight\chickenknight\debug\sprite.obj
h:\gitprogrammingfour\in628philas1\chickenknight\chickenknight\debug\vc120.pdb
h:\programmingfour\in628philas1\chickenknight\debug\chickenknight.exe
h:\programmingfour\in628philas1\chickenknight\debug\chickenknight.pdb
h:\gitprogrammingfour\in628philas1\chickenknight\debug\chickenknight.exe
h:\gitprogrammingfour\in628philas1\chickenknight\debug\chickenknight.pdb
h:\gitprogrammingfour\in628philas1\chickenknight\chickenknight\debug\chickenknight.vcxproj.generateresource.cache
h:\gitprogrammingfour\in628philas1\chickenknight\chickenknight\debug\chickenknight.vcxprojresolveassemblyreference.cache
h:\gitprogrammingfour\in628philas1\chickenknight\chickenknight\debug\.netframework,version=v4.5.assemblyattributes.obj
h:\gitprogrammingfour\in628philas1\chickenknight\chickenknight\debug\chickenknight.tlog\chickenknight.write.1u.tlog
h:\gitprogrammingfour\in628philas1\chickenknight\chickenknight\debug\chickenknight.tlog\cl.command.1.tlog
h:\gitprogrammingfour\in628philas1\chickenknight\chickenknight\debug\chickenknight.tlog\cl.read.1.tlog
h:\gitprogrammingfour\in628philas1\chickenknight\chickenknight\debug\chickenknight.tlog\cl.write.1.tlog
h:\gitprogrammingfour\in628philas1\chickenknight\chickenknight\debug\chickenknight.tlog\link.command.1.tlog
h:\gitprogrammingfour\in628philas1\chickenknight\chickenknight\debug\chickenknight.tlog\link.read.1.tlog
h:\gitprogrammingfour\in628philas1\chickenknight\chickenknight\debug\chickenknight.tlog\link.write.1.tlog
h:\gitprogrammingfour\in628philas1\chickenknight\chickenknight\debug\chickenknight.tlog\metagen.read.1.tlog
h:\gitprogrammingfour\in628philas1\chickenknight\chickenknight\debug\chickenknight.tlog\metagen.write.1.tlog
h:\gitprogrammingfour\in628philas1\chickenknight\chickenknight\debug\chickenknight.tlog\rsaenh.dll.bi
h:\gitprogrammingfour\in628philas1\chickenknight\chickenknight\debug\chickenknight.tlog\tzres.dll.bi
